Fetching registry information from https://github.com/microsoft/vcpkg (HEAD)...
Detecting compiler hash for triplet x64-windows...
Compiler found: C:/Program Files (x86)/Microsoft Visual Studio/2019/Community/VC/Tools/MSVC/14.29.30133/bin/Hostx64/x64/cl.exe
The following packages will be built and installed:
  * egl-registry:x64-windows@2024-01-25 -- git+https://github.com/microsoft/vcpkg@d883db43133dd223c4ffdbef4193943f6784d43a
    fftw3:x64-windows@3.3.10#10 -- git+https://github.com/microsoft/vcpkg@98a1c4076fefe0c03872693b7305204b2db65f2c
    freeglut:x64-windows@3.6.0#1 -- git+https://github.com/microsoft/vcpkg@2b2ff4479793417da25f0324620f2ce3373de98b
  * libogg:x64-windows@1.3.6 -- git+https://github.com/microsoft/vcpkg@c203f0f666f0a1641c5ff3d865bc0be87b808879
  * libvorbis:x64-windows@1.3.7#4 -- git+https://github.com/microsoft/vcpkg@149b8037ad8023f0f1b130616cf1a90238083cb0
  * opengl:x64-windows@2022-12-04#3 -- git+https://github.com/microsoft/vcpkg@c3ae71738f88449ebcd781cef60d9a253fa091d4
  * opengl-registry:x64-windows@2024-02-10#1 -- git+https://github.com/microsoft/vcpkg@22f7aa58ee78c9f0db904b6251e9265f2be26f9d
    sdl2:x64-windows@2.32.8 -- git+https://github.com/microsoft/vcpkg@18fee2d21bc61416833b7428caeb58ef09d763a1
    sdl2-mixer[core,wavpack]:x64-windows@2.8.1#1 -- git+https://github.com/microsoft/vcpkg@0e4455e30cc3ef71f5da509ca3d6ced01f84a01e
  * vcpkg-cmake:x64-windows@2024-04-23 -- git+https://github.com/microsoft/vcpkg@e74aa1e8f93278a8e71372f1fa08c3df420eb840
  * vcpkg-cmake-config:x64-windows@2024-05-23 -- git+https://github.com/microsoft/vcpkg@97a63e4bc1a17422ffe4eff71da53b4b561a7841
  * wavpack:x64-windows@5.8.1#2 -- git+https://github.com/microsoft/vcpkg@b603a10c5e86fb4292408142d35f904b1e9d4e75
Additional packages (*) will be modified to complete this operation.
Restored 12 package(s) from C:\Users\gabri\AppData\Local\vcpkg\archives in 680 ms. Use --debug to see more details.
Installing 1/12 vcpkg-cmake-config:x64-windows@2024-05-23...
Elapsed time to handle vcpkg-cmake-config:x64-windows: 16.3 ms
vcpkg-cmake-config:x64-windows package ABI: 8a77defad65fd17f463930a4b370229af981085d423c76f076389398a31c8d9c
Installing 2/12 vcpkg-cmake:x64-windows@2024-04-23...
Elapsed time to handle vcpkg-cmake:x64-windows: 45.5 ms
vcpkg-cmake:x64-windows package ABI: 067ca01d9778b10e8cd922b4d8b9c63806dfcd72ca96f48e6bd191253053fad7
Installing 3/12 fftw3:x64-windows@3.3.10#10...
Elapsed time to handle fftw3:x64-windows: 71.7 ms
fftw3:x64-windows package ABI: 08d818e021ede301590dad1e19036685dd628b3287a6579ea0ab2a374718fe59
Installing 4/12 egl-registry:x64-windows@2024-01-25...
Elapsed time to handle egl-registry:x64-windows: 22.2 ms
egl-registry:x64-windows package ABI: 028ce7d3461f86d172c6fa9bef25c263c9330eb8ed886bac8f4bd25ebac034ee
Installing 5/12 opengl-registry:x64-windows@2024-02-10#1...
Elapsed time to handle opengl-registry:x64-windows: 53.5 ms
opengl-registry:x64-windows package ABI: a28a759a507052fe631abc0b68d1ea97c63408d11dca8516c60ef514cbe65fba
Installing 6/12 opengl:x64-windows@2022-12-04#3...
Elapsed time to handle opengl:x64-windows: 29 ms
opengl:x64-windows package ABI: fc3319036570b51fc89fb9d1069f4ac6a0d81ea5a2ed612b8d02a79634112441
Installing 7/12 freeglut:x64-windows@3.6.0#1...
Elapsed time to handle freeglut:x64-windows: 44.4 ms
freeglut:x64-windows package ABI: dd89d1250a3f2ebad60510928864fd163a74260f977593edae97e04268719f17
Installing 8/12 sdl2:x64-windows@2.32.8...
Elapsed time to handle sdl2:x64-windows: 172 ms
sdl2:x64-windows package ABI: 8449625e905151a704e0462bcd417dd56556c460a80ad06415b7c1b9b6ef197b
Installing 9/12 wavpack:x64-windows@5.8.1#2...
Elapsed time to handle wavpack:x64-windows: 44.8 ms
wavpack:x64-windows package ABI: 03ebae59af71182ac4d25fdec1e03a442b73f930778d2574147ea6ab87568e5f
Installing 10/12 libogg:x64-windows@1.3.6...
Elapsed time to handle libogg:x64-windows: 41.4 ms
libogg:x64-windows package ABI: cbaa1aa1ab8313936f607a3b1af3ee646a24833c0214b50573d09ff8272fd22d
Installing 11/12 libvorbis:x64-windows@1.3.7#4...
Elapsed time to handle libvorbis:x64-windows: 79.8 ms
libvorbis:x64-windows package ABI: 1840d8c75a49f332a71a18a0a9ae66d9d83e85868f92f5f53f2521ab6aa83422
Installing 12/12 sdl2-mixer[core,wavpack]:x64-windows@2.8.1#1...
Elapsed time to handle sdl2-mixer:x64-windows: 67.9 ms
sdl2-mixer:x64-windows package ABI: 3a3c5f88e9fb2c51c69717a825cd8c26b986de81dbe40016d7a663c857e8bbd4
Installed contents are licensed to you by owners. Microsoft is not responsible for, nor does it grant any licenses to, third-party packages.
Some packages did not declare an SPDX license. Check the `copyright` file for each package for more information about their licensing.
Packages installed in this vcpkg installation declare the following licenses:
BSD-3-Clause
GPL-2.0-or-later
MIT
Zlib
fftw3 provides CMake targets:

  # this is heuristically generated, and may not be correct
  find_package(FFTW3 CONFIG REQUIRED)
  target_link_libraries(main PRIVATE FFTW3::fftw3)

  find_package(FFTW3f CONFIG REQUIRED)
  target_link_libraries(main PRIVATE FFTW3::fftw3f)

  find_package(FFTW3l CONFIG REQUIRED)
  target_link_libraries(main PRIVATE FFTW3::fftw3l)

fftw3 provides pkg-config modules:

  # fast Fourier transform library
  fftw3

  # fast Fourier transform library
  fftw3f

  # fast Fourier transform library
  fftw3l

freeglut provides CMake targets:

    find_package(FreeGLUT CONFIG REQUIRED)
    target_link_libraries(main PRIVATE $<IF:$<TARGET_EXISTS:FreeGLUT::freeglut>,FreeGLUT::freeglut,FreeGLUT::freeglut_static>)

freeglut is compatible with built-in CMake targets:

    find_package(GLUT REQUIRED)
    target_link_libraries(main PRIVATE GLUT::GLUT)

sdl2 provides CMake targets:

    find_package(SDL2 CONFIG REQUIRED)
    target_link_libraries(main
        PRIVATE
        $<TARGET_NAME_IF_EXISTS:SDL2::SDL2main>
        $<IF:$<TARGET_EXISTS:SDL2::SDL2>,SDL2::SDL2,SDL2::SDL2-static>
    )

sdl2-mixer provides CMake targets:

    find_package(SDL2_mixer CONFIG REQUIRED)
    target_link_libraries(main PRIVATE $<IF:$<TARGET_EXISTS:SDL2_mixer::SDL2_mixer>,SDL2_mixer::SDL2_mixer,SDL2_mixer::SDL2_mixer-static>)

All requested installations completed successfully in: 723 ms
